<?xml version="1.0" encoding="UTF-8"?>
<!-- Generated by org.testng.reporters.JUnitXMLReporter -->
<testsuite ignored="3" hostname="LAPTOP-SPD73LKK" failures="0" tests="2" name="Group" time="0.048" errors="0" timestamp="2021-12-06T17:45:29 IST">
  <testcase classname="attributes.Groups" name="Login" time="0.009"/>
  <testcase classname="attributes.Groups" name="Signin" time="0.002"/>
  <testcase classname="attributes.Groups" name="Searchfortheproduct" time="0.0">
    <ignored/>
  </testcase> <!-- Searchfortheproduct -->
  <testcase classname="attributes.Groups" name="Singout" time="0.0">
    <ignored/>
  </testcase> <!-- Singout -->
  <testcase classname="attributes.Groups" name="Addtocart" time="0.0">
    <ignored/>
  </testcase> <!-- Addtocart -->
</testsuite> <!-- Group -->
