<?xml version="1.0" encoding="UTF-8"?>
<!-- Generated by org.testng.reporters.JUnitXMLReporter -->
<testsuite ignored="0" hostname="LAPTOP-SPD73LKK" failures="0" tests="4" name="Test" time="14.073" errors="0" timestamp="2021-12-06T08:49:22 IST">
  <testcase classname="annatations.BAM" name="test1" time="1.25"/>
  <testcase classname="annatations.BAC" name="a" time="10.835"/>
  <testcase classname="annatations.BAM" name="test2" time="8.769"/>
  <testcase classname="annatations.BAC" name="f" time="1.421"/>
</testsuite> <!-- Test -->
